<?xml version="1.0" encoding="UTF-8"?>
<testsuite xmlns:xsi="http://www.w3.org/2001/XMLSchema-instance" xsi:noNamespaceSchemaLocation="https://maven.apache.org/surefire/maven-surefire-plugin/xsd/surefire-test-report-3.0.xsd" version="3.0" name="com.kingshuk.junit5.MathUtilsTest$AddTest" time="0.005" tests="9" errors="0" skipped="2" failures="0">
  <properties>
[...]
</properties>
  <testcase name="testRem" classname="com.kingshuk.junit5.MathUtilsTest" time="0">
    <skipped message="Disabled on operating system: Mac OS X"/>
    <system-out><![CDATA[Starting all tests...
]]></system-out>
  </testcase>
  <testcase name="testCalculateCircleArea" classname="com.kingshuk.junit5.MathUtilsTest" time="0.014">
    <system-out><![CDATA[Starting a test...
Ending a test...
]]></system-out>
  </testcase>
  <testcase name="testDivide" classname="com.kingshuk.junit5.MathUtilsTest" time="0.002">
    <system-out><![CDATA[Starting a test...
Ending a test...
]]></system-out>
  </testcase>
  <testcase name="testMultiply(RepetitionInfo)[1]" classname="com.kingshuk.junit5.MathUtilsTest" time="0.003">
    <system-out><![CDATA[Starting a test...
Repeating:1
Ending a test...
]]></system-out>
  </testcase>
  <testcase name="testMultiply(RepetitionInfo)[2]" classname="com.kingshuk.junit5.MathUtilsTest" time="0.001">
    <system-out><![CDATA[Starting a test...
Repeating:2
Ending a test...
]]></system-out>
  </testcase>
  <testcase name="testMultiply(RepetitionInfo)[3]" classname="com.kingshuk.junit5.MathUtilsTest" time="0.001">
    <system-out><![CDATA[Starting a test...
Repeating:3
Ending a test...
]]></system-out>
  </testcase>
  <testcase name="testSubtraction" classname="com.kingshuk.junit5.MathUtilsTest" time="0">
    <skipped message="void com.kingshuk.junit5.MathUtilsTest.testSubtraction() is @Disabled"/>
  </testcase>
  <testcase name="testAddPositive" classname="com.kingshuk.junit5.MathUtilsTest$AddTest" time="0.002">
    <system-out><![CDATA[Starting a test...
Ending a test...
]]></system-out>
  </testcase>
  <testcase name="testAddNegetive" classname="com.kingshuk.junit5.MathUtilsTest$AddTest" time="0.001">
    <system-out><![CDATA[Starting a test...
Ending a test...
]]></system-out>
  </testcase>
</testsuite>